<?xml version="1.0" encoding="UTF-8"?>
<testng-results ignored="0" total="1" passed="1" failed="0" skipped="0">
  <reporter-output>
  </reporter-output>
  <suite started-at="2026-05-15T10:08:46 IST" name="Default suite" finished-at="2026-05-15T10:08:46 IST" duration-ms="70">
    <groups>
    </groups>
    <test started-at="2026-05-15T10:08:46 IST" name="Default test" finished-at="2026-05-15T10:08:46 IST" duration-ms="70">
      <class name="test.selenium_automation.AnnotationTestNG">
        <test-method is-config="true" signature="show()[pri:0, instance:test.selenium_automation.AnnotationTestNG@15de0b3c]" started-at="2026-05-15T10:08:46 IST" name="show" finished-at="2026-05-15T10:08:46 IST" duration-ms="8" status="PASS">
          <reporter-output>
          </reporter-output>
        </test-method> <!-- show -->
        <test-method signature="demo()[pri:0, instance:test.selenium_automation.AnnotationTestNG@15de0b3c]" started-at="2026-05-15T10:08:46 IST" name="demo" finished-at="2026-05-15T10:08:46 IST" duration-ms="11" status="PASS">
          <reporter-output>
          </reporter-output>
        </test-method> <!-- demo -->
        <test-method is-config="true" signature="display()[pri:0, instance:test.selenium_automation.AnnotationTestNG@15de0b3c]" started-at="2026-05-15T10:08:46 IST" name="display" finished-at="2026-05-15T10:08:46 IST" duration-ms="1" status="PASS">
          <reporter-output>
          </reporter-output>
        </test-method> <!-- display -->
      </class> <!-- test.selenium_automation.AnnotationTestNG -->
    </test> <!-- Default test -->
  </suite> <!-- Default suite -->
</testng-results>
